<?xml version="1.0" encoding="UTF-8"?>
<!-- Generated by org.testng.reporters.JUnitXMLReporter -->
<testsuite hostname="LAPTOP-MOTMPJ0P" ignored="0" name="Default test" tests="2" failures="0" timestamp="07 Jul 2021 10:38:52 GMT" time="58.507" errors="0">
  <testcase name="verifyNewUsrerRegistration" time="45.554" classname="com.automation.testcases.UserRegistrationTestcase"/>
  <testcase name="verifyAccountDeleteFunctionality" time="6.33" classname="com.automation.testcases.UserRegistrationTestcase"/>
</testsuite> <!-- Default test -->
