<?xml version="1.0" encoding="UTF-8"?>
<!-- Generated by org.testng.reporters.JUnitXMLReporter -->
<testsuite hostname="LAPTOP-MOTMPJ0P" ignored="0" name="Default test" tests="2" failures="0" timestamp="09 Jul 2021 04:21:24 GMT" time="78.775" errors="0">
  <testcase name="verifyNewUsrerRegistration" time="48.058" classname="com.automation.testcases.UserRegistrationTestcase"/>
  <testcase name="verifyAccountDeleteFunctionality" time="14.121" classname="com.automation.testcases.UserRegistrationTestcase"/>
</testsuite> <!-- Default test -->
