<?xml version="1.0" encoding="UTF-8"?>
<testng-results skipped="0" failed="1" ignored="0" total="2" passed="1">
  <reporter-output>
  </reporter-output>
  <suite name="Suite" duration-ms="74408" started-at="2021-07-06T05:10:57Z" finished-at="2021-07-06T05:12:11Z">
    <groups>
    </groups>
    <test name="Test" duration-ms="74408" started-at="2021-07-06T05:10:57Z" finished-at="2021-07-06T05:12:11Z">
      <class name="com.automation.testcases.UserRegistrationTestcase">
        <test-method status="PASS" signature="setUpSuite()[pri:0, instance:com.automation.testcases.UserRegistrationTestcase@1e965684]" name="setUpSuite" is-config="true" duration-ms="360" started-at="2021-07-06T05:10:56Z" finished-at="2021-07-06T05:10:57Z">
          <reporter-output>
          </reporter-output>
        </test-method> <!-- setUpSuite -->
        <test-method status="PASS" signature="setUp()[pri:0, instance:com.automation.testcases.UserRegistrationTestcase@1e965684]" name="setUp" is-config="true" duration-ms="13857" started-at="2021-07-06T05:10:57Z" finished-at="2021-07-06T05:11:10Z">
          <reporter-output>
          </reporter-output>
        </test-method> <!-- setUp -->
        <test-method status="PASS" signature="verifyNewUsrerRegistration(java.lang.String, java.lang.String, java.lang.String, java.lang.String, java.lang.String, java.lang.String, java.lang.String, java.lang.String, java.lang.String, java.lang.String, java.lang.String, java.lang.String, java.lang.String, java.lang.String, java.lang.String, java.lang.String, java.lang.String, java.lang.String, java.lang.String, java.lang.String, java.lang.String, java.lang.String, java.lang.String, java.lang.String, java.lang.String)[pri:1, instance:com.automation.testcases.UserRegistrationTestcase@1e965684]" name="verifyNewUsrerRegistration" duration-ms="51388" started-at="2021-07-06T05:11:11Z" data-provider="readNewUserdata" finished-at="2021-07-06T05:12:03Z">
          <params>
            <param index="0">
              <value>
                <![CDATA[MNOABCD]]>
              </value>
            </param>
            <param index="1">
              <value>
                <![CDATA[pmno1234567890@gmail.com]]>
              </value>
            </param>
            <param index="2">
              <value>
                <![CDATA[Summer@12345]]>
              </value>
            </param>
            <param index="3">
              <value>
                <![CDATA[9.731534547E9]]>
              </value>
            </param>
            <param index="4">
              <value>
                <![CDATA[3.0]]>
              </value>
            </param>
            <param index="5">
              <value>
                <![CDATA[1.0]]>
              </value>
            </param>
            <param index="6">
              <value>
                <![CDATA[Analyst]]>
              </value>
            </param>
            <param index="7">
              <value>
                <![CDATA[Cognizant Technology Solutions]]>
              </value>
            </param>
            <param index="8">
              <value>
                <![CDATA[2.0]]>
              </value>
            </param>
            <param index="9">
              <value>
                <![CDATA[0.0]]>
              </value>
            </param>
            <param index="10">
              <value>
                <![CDATA[2018.0]]>
              </value>
            </param>
            <param index="11">
              <value>
                <![CDATA[Jan]]>
              </value>
            </param>
            <param index="12">
              <value>
                <![CDATA[Present]]>
              </value>
            </param>
            <param index="13">
              <value>
                <![CDATA[Bangalore/Bengaluru, Karnataka]]>
              </value>
            </param>
            <param index="14">
              <value>
                <![CDATA[2 Months]]>
              </value>
            </param>
            <param index="15">
              <value>
                <![CDATA[Java]]>
              </value>
            </param>
            <param index="16">
              <value>
                <![CDATA[IT Services & Consulting]]>
              </value>
            </param>
            <param index="17">
              <value>
                <![CDATA[IT Software - QA & Testing]]>
              </value>
            </param>
            <param index="18">
              <value>
                <![CDATA[QA/QC Exec.]]>
              </value>
            </param>
            <param index="19">
              <value>
                <![CDATA[Graduation/Diploma]]>
              </value>
            </param>
            <param index="20">
              <value>
                <![CDATA[B.Tech/B.E.]]>
              </value>
            </param>
            <param index="21">
              <value>
                <![CDATA[Computers]]>
              </value>
            </param>
            <param index="22">
              <value>
                <![CDATA[MNO Collage]]>
              </value>
            </param>
            <param index="23">
              <value>
                <![CDATA[2017.0]]>
              </value>
            </param>
            <param index="24">
              <value>
                <![CDATA[F:\\Python-Programs\\SeleniumFrameworkNaukri\\TestData\\PRASHANTH_SELENIUM.pdf]]>
              </value>
            </param>
          </params>
          <reporter-output>
          </reporter-output>
        </test-method> <!-- verifyNewUsrerRegistration -->
        <test-method status="PASS" signature="tearDownMethod(org.testng.ITestResult)[pri:0, instance:com.automation.testcases.UserRegistrationTestcase@1e965684]" name="tearDownMethod" is-config="true" duration-ms="865" started-at="2021-07-06T05:12:03Z" finished-at="2021-07-06T05:12:04Z">
          <params>
            <param index="0">
              <value>
                <![CDATA[[TestResult name=verifyNewUsrerRegistration status=SUCCESS method=UserRegistrationTestcase.verifyNewUsrerRegistration(java.lang.String, java.lang.String, java.lang.String, java.lang.String, java.lang.String, java.lang.String, java.lang.String, java.lang.String, java.lang.String, java.lang.String, java.lang.String, java.lang.String, java.lang.String, java.lang.String, java.lang.String, java.lang.String, java.lang.String, java.lang.String, java.lang.String, java.lang.String, java.lang.String, java.lang.String, java.lang.String, java.lang.String, java.lang.String)[pri:1, instance:com.automation.testcases.UserRegistrationTestcase@1e965684] output={null}]]]>
              </value>
            </param>
          </params>
          <reporter-output>
          </reporter-output>
        </test-method> <!-- tearDownMethod -->
        <test-method status="FAIL" signature="verifyAccountDeleteFunctionality()[pri:2, instance:com.automation.testcases.UserRegistrationTestcase@1e965684]" name="verifyAccountDeleteFunctionality" duration-ms="6874" started-at="2021-07-06T05:12:04Z" depends-on-methods="com.automation.testcases.UserRegistrationTestcase.verifyNewUsrerRegistration" finished-at="2021-07-06T05:12:11Z">
          <exception class="org.openqa.selenium.StaleElementReferenceException">
            <message>
              <![CDATA[stale element reference: element is not attached to the page document
  (Session info: chrome=91.0.4472.124)
For documentation on this error, please visit: http://seleniumhq.org/exceptions/stale_element_reference.html
Build info: version: '3.6.0', revision: '6fbf3ec767', time: '2017-09-27T15:28:36.4Z'
System info: host: 'LAPTOP-MOTMPJ0P', ip: '192.168.56.1', os.name: 'Windows 10', os.arch: 'amd64', os.version: '10.0', java.version: '1.8.0_201'
Driver info: org.openqa.selenium.chrome.ChromeDriver
Capabilities [{networkConnectionEnabled=false, chrome={chromedriverVersion=91.0.4472.101 (af52a90bf87030dd1523486a1cd3ae25c5d76c9b-refs/branch-heads/4472@{#1462}), userDataDir=C:\Users\prash\AppData\Local\Temp\scoped_dir8572_891723644}, timeouts={implicit=0, pageLoad=300000, script=30000}, pageLoadStrategy=normal, unhandledPromptBehavior=dismiss and notify, strictFileInteractability=false, platform=WINDOWS, proxy=Proxy(), goog:chromeOptions={debuggerAddress=localhost:58465}, acceptInsecureCerts=false, browserVersion=91.0.4472.124, browserName=chrome, javascriptEnabled=true, platformName=WINDOWS, setWindowRect=true, webauthn:extension:largeBlob=true, webauthn:virtualAuthenticators=true}]
Session ID: 8fefbda69024cc21a897283cfef20b9c]]>
            </message>
            <full-stacktrace>
              <![CDATA[org.openqa.selenium.StaleElementReferenceException: stale element reference: element is not attached to the page document
  (Session info: chrome=91.0.4472.124)
For documentation on this error, please visit: http://seleniumhq.org/exceptions/stale_element_reference.html
Build info: version: '3.6.0', revision: '6fbf3ec767', time: '2017-09-27T15:28:36.4Z'
System info: host: 'LAPTOP-MOTMPJ0P', ip: '192.168.56.1', os.name: 'Windows 10', os.arch: 'amd64', os.version: '10.0', java.version: '1.8.0_201'
Driver info: org.openqa.selenium.chrome.ChromeDriver
Capabilities [{networkConnectionEnabled=false, chrome={chromedriverVersion=91.0.4472.101 (af52a90bf87030dd1523486a1cd3ae25c5d76c9b-refs/branch-heads/4472@{#1462}), userDataDir=C:\Users\prash\AppData\Local\Temp\scoped_dir8572_891723644}, timeouts={implicit=0, pageLoad=300000, script=30000}, pageLoadStrategy=normal, unhandledPromptBehavior=dismiss and notify, strictFileInteractability=false, platform=WINDOWS, proxy=Proxy(), goog:chromeOptions={debuggerAddress=localhost:58465}, acceptInsecureCerts=false, browserVersion=91.0.4472.124, browserName=chrome, javascriptEnabled=true, platformName=WINDOWS, setWindowRect=true, webauthn:extension:largeBlob=true, webauthn:virtualAuthenticators=true}]
Session ID: 8fefbda69024cc21a897283cfef20b9c
at sun.reflect.NativeConstructorAccessorImpl.newInstance0(Native Method)
at sun.reflect.NativeConstructorAccessorImpl.newInstance(NativeConstructorAccessorImpl.java:62)
at sun.reflect.DelegatingConstructorAccessorImpl.newInstance(DelegatingConstructorAccessorImpl.java:45)
at java.lang.reflect.Constructor.newInstance(Constructor.java:423)
at org.openqa.selenium.remote.http.W3CHttpResponseCodec.createException(W3CHttpResponseCodec.java:185)
at org.openqa.selenium.remote.http.W3CHttpResponseCodec.decode(W3CHttpResponseCodec.java:120)
at org.openqa.selenium.remote.http.W3CHttpResponseCodec.decode(W3CHttpResponseCodec.java:49)
at org.openqa.selenium.remote.HttpCommandExecutor.execute(HttpCommandExecutor.java:164)
at org.openqa.selenium.remote.service.DriverCommandExecutor.execute(DriverCommandExecutor.java:83)
at org.openqa.selenium.remote.RemoteWebDriver.execute(RemoteWebDriver.java:586)
at org.openqa.selenium.remote.RemoteWebElement.execute(RemoteWebElement.java:279)
at org.openqa.selenium.remote.RemoteWebElement.click(RemoteWebElement.java:83)
at sun.reflect.GeneratedMethodAccessor2.invoke(Unknown Source)
at sun.reflect.DelegatingMethodAccessorImpl.invoke(DelegatingMethodAccessorImpl.java:43)
at java.lang.reflect.Method.invoke(Method.java:498)
at org.openqa.selenium.support.pagefactory.internal.LocatingElementHandler.invoke(LocatingElementHandler.java:51)
at com.sun.proxy.$Proxy10.click(Unknown Source)
at com.automation.pages.HomePage.clickReadMoreLink(HomePage.java:109)
at com.automation.testcases.UserRegistrationTestcase.verifyAccountDeleteFunctionality(UserRegistrationTestcase.java:83)
at sun.reflect.NativeMethodAccessorImpl.invoke0(Native Method)
at sun.reflect.NativeMethodAccessorImpl.invoke(NativeMethodAccessorImpl.java:62)
at sun.reflect.DelegatingMethodAccessorImpl.invoke(DelegatingMethodAccessorImpl.java:43)
at java.lang.reflect.Method.invoke(Method.java:498)
at org.testng.internal.MethodInvocationHelper.invokeMethod(MethodInvocationHelper.java:124)
at org.testng.internal.Invoker.invokeMethod(Invoker.java:583)
at org.testng.internal.Invoker.invokeTestMethod(Invoker.java:719)
at org.testng.internal.Invoker.invokeTestMethods(Invoker.java:989)
at org.testng.internal.TestMethodWorker.invokeTestMethods(TestMethodWorker.java:125)
at org.testng.internal.TestMethodWorker.run(TestMethodWorker.java:109)
at org.testng.TestRunner.privateRun(TestRunner.java:648)
at org.testng.TestRunner.run(TestRunner.java:505)
at org.testng.SuiteRunner.runTest(SuiteRunner.java:455)
at org.testng.SuiteRunner.runSequentially(SuiteRunner.java:450)
at org.testng.SuiteRunner.privateRun(SuiteRunner.java:415)
at org.testng.SuiteRunner.run(SuiteRunner.java:364)
at org.testng.SuiteRunnerWorker.runSuite(SuiteRunnerWorker.java:52)
at org.testng.SuiteRunnerWorker.run(SuiteRunnerWorker.java:84)
at org.testng.TestNG.runSuitesSequentially(TestNG.java:1208)
at org.testng.TestNG.runSuitesLocally(TestNG.java:1137)
at org.testng.TestNG.runSuites(TestNG.java:1049)
at org.testng.TestNG.run(TestNG.java:1017)
at org.apache.maven.surefire.testng.TestNGExecutor.run(TestNGExecutor.java:284)
at org.apache.maven.surefire.testng.TestNGXmlTestSuite.execute(TestNGXmlTestSuite.java:75)
at org.apache.maven.surefire.testng.TestNGProvider.invoke(TestNGProvider.java:119)
at org.apache.maven.surefire.booter.ForkedBooter.runSuitesInProcess(ForkedBooter.java:428)
at org.apache.maven.surefire.booter.ForkedBooter.execute(ForkedBooter.java:162)
at org.apache.maven.surefire.booter.ForkedBooter.run(ForkedBooter.java:562)
at org.apache.maven.surefire.booter.ForkedBooter.main(ForkedBooter.java:548)
]]>
            </full-stacktrace>
          </exception> <!-- org.openqa.selenium.StaleElementReferenceException -->
          <reporter-output>
          </reporter-output>
        </test-method> <!-- verifyAccountDeleteFunctionality -->
        <test-method status="PASS" signature="tearDownMethod(org.testng.ITestResult)[pri:0, instance:com.automation.testcases.UserRegistrationTestcase@1e965684]" name="tearDownMethod" is-config="true" duration-ms="328" started-at="2021-07-06T05:12:11Z" finished-at="2021-07-06T05:12:11Z">
          <params>
            <param index="0">
              <value>
                <![CDATA[[TestResult name=verifyAccountDeleteFunctionality status=FAILURE method=UserRegistrationTestcase.verifyAccountDeleteFunctionality()[pri:2, instance:com.automation.testcases.UserRegistrationTestcase@1e965684] output={null}]]]>
              </value>
            </param>
          </params>
          <reporter-output>
          </reporter-output>
        </test-method> <!-- tearDownMethod -->
        <test-method status="PASS" signature="tearDown()[pri:0, instance:com.automation.testcases.UserRegistrationTestcase@1e965684]" name="tearDown" is-config="true" duration-ms="0" started-at="2021-07-06T05:12:11Z" finished-at="2021-07-06T05:12:11Z">
          <reporter-output>
          </reporter-output>
        </test-method> <!-- tearDown -->
      </class> <!-- com.automation.testcases.UserRegistrationTestcase -->
    </test> <!-- Test -->
  </suite> <!-- Suite -->
</testng-results>
