<?xml version="1.0" encoding="UTF-8"?>
<testsuite xmlns:xsi="http://www.w3.org/2001/XMLSchema-instance" xsi:noNamespaceSchemaLocation="https://maven.apache.org/surefire/maven-surefire-plugin/xsd/surefire-test-report-3.0.xsd" version="3.0" name="TestSuite" time="76.381" tests="2" errors="0" skipped="0" failures="1">
  <properties>
[...]
</properties>
  <testcase name="verifyNewUsrerRegistration[MNOABCD, pmno1234567890@gmail.com, Summer@12345, 9.731534547E9, 3.0, 1.0, Analyst, Cognizant Technology Solutions, 2.0, 0.0, 2018.0, Jan, Present, Bangalore/Bengaluru, Karnataka, 2 Months, Java, IT Services &amp; Consulting, IT Software - QA &amp; Testing, QA/QC Exec., Graduation/Diploma, B.Tech/B.E., Computers, MNO Collage, 2017.0, F:\\Python-Programs\\SeleniumFrameworkNaukri\\TestData\\PRASHANTH_SELENIUM.pdf](1)" classname="com.automation.testcases.UserRegistrationTestcase" time="51.477">
    <system-out><![CDATA[ INFO [main] (BaseClass.java:52)- Application Strated
1==25
 INFO [main] (UserRegistrationTestcase.java:31)- verifyNewUsrerRegistration testcase started
File Upload Sucessfull
Terms CheckBox is already selected 
 INFO [main] (UserRegistrationTestcase.java:46)- Experience Page
Element Selected 2
Element Selected 10
Element Selected 2018
Element Selected Jan
Element Selected Present
Element clickedBangalore Rural, Karnataka
Element clickedKarnataka
Element Selected 2 Months
Element clickedJava
Element Selected IT Services & Consulting
Element Selected IT Software - QA & Testing
Element Selected QA/QC Exec.
 INFO [main] (UserRegistrationTestcase.java:63)- Education Page
Element Selected Graduation/Diploma
Element Selected B.Tech/B.E.
Element Selected Computers
Element Selected 2017
]]></system-out>
    <system-err><![CDATA[Starting ChromeDriver 91.0.4472.101 (af52a90bf87030dd1523486a1cd3ae25c5d76c9b-refs/branch-heads/4472@{#1462}) on port 1955
Only local connections are allowed.
Please see https://chromedriver.chromium.org/security-considerations for suggestions on keeping ChromeDriver safe.
ChromeDriver was started successfully.
Jul 06, 2021 10:41:00 AM org.openqa.selenium.remote.ProtocolHandshake createSession
INFO: Detected dialect: W3C
]]></system-err>
  </testcase>
  <testcase name="verifyAccountDeleteFunctionality" classname="com.automation.testcases.UserRegistrationTestcase" time="6.906">
    <failure message="stale element reference: element is not attached to the page document&#10;  (Session info: chrome=91.0.4472.124)&#10;For documentation on this error, please visit: http://seleniumhq.org/exceptions/stale_element_reference.html&#10;Build info: version: &apos;3.6.0&apos;, revision: &apos;6fbf3ec767&apos;, time: &apos;2017-09-27T15:28:36.4Z&apos;&#10;System info: host: &apos;LAPTOP-MOTMPJ0P&apos;, ip: &apos;192.168.56.1&apos;, os.name: &apos;Windows 10&apos;, os.arch: &apos;amd64&apos;, os.version: &apos;10.0&apos;, java.version: &apos;1.8.0_201&apos;&#10;Driver info: org.openqa.selenium.chrome.ChromeDriver&#10;Capabilities [{networkConnectionEnabled=false, chrome={chromedriverVersion=91.0.4472.101 (af52a90bf87030dd1523486a1cd3ae25c5d76c9b-refs/branch-heads/4472@{#1462}), userDataDir=C:\Users\prash\AppData\Local\Temp\scoped_dir8572_891723644}, timeouts={implicit=0, pageLoad=300000, script=30000}, pageLoadStrategy=normal, unhandledPromptBehavior=dismiss and notify, strictFileInteractability=false, platform=WINDOWS, proxy=Proxy(), goog:chromeOptions={debuggerAddress=localhost:58465}, acceptInsecureCerts=false, browserVersion=91.0.4472.124, browserName=chrome, javascriptEnabled=true, platformName=WINDOWS, setWindowRect=true, webauthn:extension:largeBlob=true, webauthn:virtualAuthenticators=true}]&#10;Session ID: 8fefbda69024cc21a897283cfef20b9c" type="org.openqa.selenium.StaleElementReferenceException"><![CDATA[org.openqa.selenium.StaleElementReferenceException: 
stale element reference: element is not attached to the page document
  (Session info: chrome=91.0.4472.124)
For documentation on this error, please visit: http://seleniumhq.org/exceptions/stale_element_reference.html
Build info: version: '3.6.0', revision: '6fbf3ec767', time: '2017-09-27T15:28:36.4Z'
System info: host: 'LAPTOP-MOTMPJ0P', ip: '192.168.56.1', os.name: 'Windows 10', os.arch: 'amd64', os.version: '10.0', java.version: '1.8.0_201'
Driver info: org.openqa.selenium.chrome.ChromeDriver
Capabilities [{networkConnectionEnabled=false, chrome={chromedriverVersion=91.0.4472.101 (af52a90bf87030dd1523486a1cd3ae25c5d76c9b-refs/branch-heads/4472@{#1462}), userDataDir=C:\Users\prash\AppData\Local\Temp\scoped_dir8572_891723644}, timeouts={implicit=0, pageLoad=300000, script=30000}, pageLoadStrategy=normal, unhandledPromptBehavior=dismiss and notify, strictFileInteractability=false, platform=WINDOWS, proxy=Proxy(), goog:chromeOptions={debuggerAddress=localhost:58465}, acceptInsecureCerts=false, browserVersion=91.0.4472.124, browserName=chrome, javascriptEnabled=true, platformName=WINDOWS, setWindowRect=true, webauthn:extension:largeBlob=true, webauthn:virtualAuthenticators=true}]
Session ID: 8fefbda69024cc21a897283cfef20b9c
	at com.automation.testcases.UserRegistrationTestcase.verifyAccountDeleteFunctionality(UserRegistrationTestcase.java:83)
]]></failure>
    <system-out><![CDATA[Screenshot captured
 INFO [main] (BaseClass.java:77)- After Test method excecuted
 INFO [main] (UserRegistrationTestcase.java:79)- verifyAccountDeleteFunctionality testcase started
]]></system-out>
    <system-err><![CDATA[Jul 06, 2021 10:42:11 AM org.openqa.selenium.remote.ErrorCodes toStatus
INFO: HTTP Status: '404' -> incorrect JSON status mapping for 'stale element reference' (400 expected)
]]></system-err>
  </testcase>
</testsuite>