<?xml version="1.0" encoding="UTF-8"?>
<testsuite xmlns:xsi="http://www.w3.org/2001/XMLSchema-instance" xsi:noNamespaceSchemaLocation="https://maven.apache.org/surefire/maven-surefire-plugin/xsd/surefire-test-report-3.0.xsd" version="3.0" name="TestSuite" time="22.835" tests="6" errors="0" skipped="3" failures="2">
  <properties>
[...]
</properties>
  <testcase name="loginAppTest" classname="com.automation.testcases.NaukriLoginPageTest" time="5.651">
    <system-out><![CDATA[ INFO [main] (BaseClass.java:54)- Application Strated
 INFO [main] (NaukriLoginPageTest.java:21)- Login Testcase started
 INFO [main] (NaukriLoginPageTest.java:28)- Login Testcase Ended
]]></system-out>
    <system-err><![CDATA[1624797695736	mozrunner::runner	INFO	Running command: "C:\\Program Files\\Mozilla Firefox\\firefox.exe" "-marionette" "-foreground" "-no-remote" "-profile" "C:\\Users\\prash\\AppData\\Local\\Temp\\rust_mozprofiledsWaUW"
JavaScript error: resource://gre/modules/XULStore.jsm, line 66: Error: Can't find profile directory.
console.warn: SearchSettings: "get: No settings file exists, new profile?" (new Error("", "(unknown module)"))
1624797702677	Marionette	INFO	Listening on port 52427
1624797702749	Marionette	WARN	TLS certificate errors will be ignored for this session
Jun 27, 2021 6:11:42 PM org.openqa.selenium.remote.ProtocolHandshake createSession
INFO: Detected dialect: W3C
]]></system-err>
  </testcase>
  <testcase name="verifyMyNaukriLink" classname="com.automation.testcases.NaukriLoginPageTest" time="0.477">
    <failure message="Element &lt;div class=&quot;mTxt&quot;&gt; is not clickable at point (1120,38) because another element &lt;div class=&quot;head&quot;&gt; obscures it&#10;Build info: version: &apos;3.6.0&apos;, revision: &apos;6fbf3ec767&apos;, time: &apos;2017-09-27T15:28:36.4Z&apos;&#10;System info: host: &apos;LAPTOP-MOTMPJ0P&apos;, ip: &apos;192.168.56.1&apos;, os.name: &apos;Windows 10&apos;, os.arch: &apos;amd64&apos;, os.version: &apos;10.0&apos;, java.version: &apos;1.8.0_201&apos;&#10;Driver info: org.openqa.selenium.firefox.FirefoxDriver&#10;Capabilities [{moz:profile=C:\Users\prash\AppData\Local\Temp\rust_mozprofiledsWaUW, rotatable=false, moz:geckodriverVersion=0.26.0, timeouts={implicit=0, pageLoad=300000, script=30000}, pageLoadStrategy=normal, unhandledPromptBehavior=dismiss and notify, strictFileInteractability=false, moz:headless=false, platform=WINDOWS, moz:accessibilityChecks=false, moz:useNonSpecCompliantPointerOrigin=false, acceptInsecureCerts=true, browserVersion=86.0.1, moz:shutdownTimeout=60000, platformVersion=10.0, moz:processID=16204, browserName=firefox, moz:buildID=20210310152336, javascriptEnabled=true, platformName=WINDOWS, setWindowRect=true, moz:webdriverClick=true}]&#10;Session ID: 8cce6029-72e7-4b67-afd1-5958f52b5b0a" type="org.openqa.selenium.ElementClickInterceptedException"><![CDATA[org.openqa.selenium.ElementClickInterceptedException: 
Element <div class="mTxt"> is not clickable at point (1120,38) because another element <div class="head"> obscures it
Build info: version: '3.6.0', revision: '6fbf3ec767', time: '2017-09-27T15:28:36.4Z'
System info: host: 'LAPTOP-MOTMPJ0P', ip: '192.168.56.1', os.name: 'Windows 10', os.arch: 'amd64', os.version: '10.0', java.version: '1.8.0_201'
Driver info: org.openqa.selenium.firefox.FirefoxDriver
Capabilities [{moz:profile=C:\Users\prash\AppData\Local\Temp\rust_mozprofiledsWaUW, rotatable=false, moz:geckodriverVersion=0.26.0, timeouts={implicit=0, pageLoad=300000, script=30000}, pageLoadStrategy=normal, unhandledPromptBehavior=dismiss and notify, strictFileInteractability=false, moz:headless=false, platform=WINDOWS, moz:accessibilityChecks=false, moz:useNonSpecCompliantPointerOrigin=false, acceptInsecureCerts=true, browserVersion=86.0.1, moz:shutdownTimeout=60000, platformVersion=10.0, moz:processID=16204, browserName=firefox, moz:buildID=20210310152336, javascriptEnabled=true, platformName=WINDOWS, setWindowRect=true, moz:webdriverClick=true}]
Session ID: 8cce6029-72e7-4b67-afd1-5958f52b5b0a
	at com.automation.testcases.NaukriLoginPageTest.verifyMyNaukriLink(NaukriLoginPageTest.java:39)
]]></failure>
    <system-out><![CDATA[ INFO [main] (BaseClass.java:84)- After Test method excecuted
 INFO [main] (NaukriLoginPageTest.java:34)- MyNaukri link Testcase started
]]></system-out>
  </testcase>
  <testcase name="setUp" classname="com.automation.testcases.NaukriProfilePageTest" time="3.715">
    <failure type="java.lang.NullPointerException"><![CDATA[java.lang.NullPointerException
]]></failure>
    <system-out><![CDATA[Screenshot captured
 INFO [main] (BaseClass.java:84)- After Test method excecuted
 INFO [main] (BaseClass.java:61)- Closing Application
]]></system-out>
    <system-err><![CDATA[1624797711544	Marionette	INFO	Stopped listening on port 52427
JavaScript error: resource://activity-stream/lib/ASRouter.jsm, line 988: NS_ERROR_ILLEGAL_VALUE: Component returned failure code: 0x80070057 (NS_ERROR_ILLEGAL_VALUE) [nsIObserverService.removeObserver]

###!!! [Child][RunMessage] Error: Channel closing: too late to send/recv, messages will be lost

]]></system-err>
  </testcase>
  <testcase name="verifyProfileName" classname="com.automation.testcases.NaukriProfilePageTest" time="0">
    <skipped/>
  </testcase>
  <testcase name="tearDownMethod" classname="com.automation.testcases.NaukriProfilePageTest" time="0">
    <skipped/>
  </testcase>
  <testcase name="tearDown" classname="com.automation.testcases.NaukriProfilePageTest" time="0">
    <skipped/>
  </testcase>
</testsuite>